c:\users\joel\documents\westward\westwardproject\westward\westward\debug\vc141.pdb
c:\users\joel\documents\westward\westwardproject\westward\westward\debug\vc141.idb
c:\users\joel\documents\westward\westwardproject\westward\westward\debug\tile.obj
c:\users\joel\documents\westward\westwardproject\westward\westward\debug\main.obj
c:\users\joel\documents\westward\westwardproject\westward\westward\debug\encounterlist.obj
c:\users\joel\documents\westward\westwardproject\westward\westward\debug\combatant.obj
c:\users\joel\documents\westward\westwardproject\westward\westward\debug\combat.obj
c:\users\joel\documents\westward\westwardproject\westward\westward\debug\jsoncpp.obj
c:\users\joel\documents\westward\westwardproject\westward\westward\debug\encounter.obj
c:\users\joel\documents\westward\westward\debug\westward.exe
c:\users\joel\documents\westward\westward\debug\westward.ilk
c:\users\joel\documents\westward\westward\debug\westward.pdb
c:\users\joel\documents\westward\westwardproject\westward\debug\westward.exe
c:\users\joel\documents\westward\westwardproject\westward\debug\westward.ilk
c:\users\joel\documents\westward\westwardproject\westward\debug\westward.pdb
c:\users\joel\documents\westward\westwardproject\westward\westward\debug\westward.tlog\cl.command.1.tlog
c:\users\joel\documents\westward\westwardproject\westward\westward\debug\westward.tlog\cl.read.1.tlog
c:\users\joel\documents\westward\westwardproject\westward\westward\debug\westward.tlog\cl.write.1.tlog
c:\users\joel\documents\westward\westwardproject\westward\westward\debug\westward.tlog\link.command.1.tlog
c:\users\joel\documents\westward\westwardproject\westward\westward\debug\westward.tlog\link.read.1.tlog
c:\users\joel\documents\westward\westwardproject\westward\westward\debug\westward.tlog\link.write.1.tlog
